<?xml version="1.0" encoding="UTF-8"?>
<testng-results ignored="0" total="1" passed="1" failed="0" skipped="0">
  <reporter-output>
  </reporter-output>
  <suite started-at="2023-01-24T14:36:33 IST" name="Default suite" finished-at="2023-01-24T14:37:29 IST" duration-ms="56327">
    <groups>
    </groups>
    <test started-at="2023-01-24T14:36:33 IST" name="Default test" finished-at="2023-01-24T14:37:29 IST" duration-ms="56327">
      <class name="testNg3.ActitimeBaseTest">
        <test-method is-config="true" signature="setup()[pri:0, instance:testNg3.ActitimeBaseTest@1eb5174b]" started-at="2023-01-24T14:36:33 IST" name="setup" finished-at="2023-01-24T14:37:19 IST" duration-ms="45683" status="PASS">
          <reporter-output>
          </reporter-output>
        </test-method> <!-- setup -->
        <test-method signature="ActitimeValid()[pri:0, instance:testNg3.ActitimeBaseTest@1eb5174b]" started-at="2023-01-24T14:37:19 IST" name="ActitimeValid" finished-at="2023-01-24T14:37:23 IST" duration-ms="4084" status="PASS">
          <reporter-output>
          </reporter-output>
        </test-method> <!-- ActitimeValid -->
        <test-method is-config="true" signature="setupClose()[pri:0, instance:testNg3.ActitimeBaseTest@1eb5174b]" started-at="2023-01-24T14:37:23 IST" name="setupClose" finished-at="2023-01-24T14:37:29 IST" duration-ms="6108" status="PASS">
          <reporter-output>
          </reporter-output>
        </test-method> <!-- setupClose -->
      </class> <!-- testNg3.ActitimeBaseTest -->
    </test> <!-- Default test -->
  </suite> <!-- Default suite -->
</testng-results>
