<?xml version="1.0" encoding="UTF-8"?>
<!-- Generated by org.testng.reporters.JUnitXMLReporter -->
<testsuite ignored="1" hostname="DESKTOP-DEMR4UJ" failures="1" tests="1" name="Test(failed)" time="0.24" errors="0" timestamp="2023-01-19T15:19:17 IST">
  <testcase classname="testNg.Demo" name="demo1" time="0.037">
    <failure type="java.lang.ArithmeticException" message="/ by zero">
      <![CDATA[java.lang.ArithmeticException: / by zero
at testNg.Demo.demo1(Demo.java:20)
at java.base/java.util.ArrayList.forEach(ArrayList.java:1511)
... Removed 27 stack frames]]>
    </failure>
  </testcase> <!-- demo1 -->
  <testcase classname="testNg.Demo" name="demo" time="0.0">
    <ignored/>
  </testcase> <!-- demo -->
</testsuite> <!-- Test(failed) -->
